<?xml version="1.0" encoding="UTF-8"?>
<!-- Generated by org.testng.reporters.JUnitReportReporter -->
<testsuite hostname="DESKTOP-PQG2RVD" failures="0" tests="2" name="maven.Sample1" time="0.003" errors="0" timestamp="2024-03-05T15:27:45 IST" skipped="0">
  <testcase classname="maven.Sample1" name="test4" time="0.001"/>
  <system-out/>
  <testcase classname="maven.Sample1" name="test6" time="0.002"/>
  <system-out/>
</testsuite> <!-- maven.Sample1 -->
