<?xml version="1.0" encoding="UTF-8"?>
<!-- Generated by org.testng.reporters.JUnitReportReporter -->
<testsuite hostname="DESKTOP-PQG2RVD" failures="0" tests="3" name="maven.Sample2" time="0.010" errors="0" timestamp="2024-03-01T18:02:44 IST" skipped="0">
  <testcase classname="maven.Sample2" name="test4" time="0.001"/>
  <system-out/>
  <testcase classname="maven.Sample2" name="test6" time="0.008"/>
  <system-out/>
  <testcase classname="maven.Sample2" name="test5" time="0.001"/>
  <system-out/>
</testsuite> <!-- maven.Sample2 -->
