<?xml version="1.0" encoding="UTF-8"?>
<!-- Generated by org.testng.reporters.JUnitReportReporter -->
<testsuite hostname="DESKTOP-PQG2RVD" failures="0" tests="2" name="maven.Sample" time="0.016" errors="0" timestamp="2024-03-05T15:27:45 IST" skipped="0">
  <testcase classname="maven.Sample" name="test3" time="0.002"/>
  <system-out/>
  <testcase classname="maven.Sample" name="test1" time="0.014"/>
  <system-out/>
</testsuite> <!-- maven.Sample -->
